<?xml version="1.0" encoding="UTF-8"?>
<!-- Generated by org.testng.reporters.JUnitXMLReporter -->
<testsuite ignored="0" hostname="LAPTOP-5ALMQL8U" failures="0" tests="4" name="SignUp and Login" time="267.353" errors="0" timestamp="2025-02-06T14:07:51 IST">
  <testcase classname="ZeoOnboardingScripts.OnboardingTests" name="googleSignUp" time="19.016"/>
  <testcase classname="ZeoOnboardingScripts.OnboardingTests" name="signUpEmailPassword" time="84.424"/>
  <testcase classname="ZeoOnboardingScripts.OnboardingTests" name="login" time="92.862"/>
  <testcase classname="ZeoOnboardingScripts.OnboardingTests" name="forgotPasswordAndChange" time="63.749"/>
</testsuite> <!-- SignUp and Login -->
